#
# There is insufficient memory for the Java Runtime Environment to continue.
# Native memory allocation (malloc) failed to allocate 1719216 bytes for Chunk::new
# Possible reasons:
#   The system is out of physical RAM or swap space
#   In 32 bit mode, the process size limit was hit
# Possible solutions:
#   Reduce memory load on the system
#   Increase physical memory or swap space
#   Check if swap backing store is full
#   Use 64 bit Java on a 64 bit OS
#   Decrease Java heap size (-Xmx/-Xms)
#   Decrease number of Java threads
#   Decrease Java thread stack sizes (-Xss)
#   Set larger code cache with -XX:ReservedCodeCacheSize=
# This output file may be truncated or incomplete.
#
#  Out of Memory Error (allocation.cpp:390), pid=209224, tid=0x0000000000031890
#
# JRE version: Java(TM) SE Runtime Environment (8.0_191-b12) (build 1.8.0_191-b12)
# Java VM: Java HotSpot(TM) 64-Bit Server VM (25.191-b12 mixed mode windows-amd64 compressed oops)
# Failed to write core dump. Minidumps are not enabled by default on client versions of Windows
#

---------------  T H R E A D  ---------------

Current thread (0x000000001e6b4800):  JavaThread "C2 CompilerThread1" daemon [_thread_in_native, id=202896, stack(0x000000001fde0000,0x000000001fee0000)]

Stack: [0x000000001fde0000,0x000000001fee0000]
[error occurred during error reporting (printing stack bounds), id 0xc0000005]

Native frames: (J=compiled Java code, j=interpreted, Vv=VM code, C=native code)


Current CompileTask:
C2:   3036 4006       4       lombok.javac.JavacAST::buildStatementOrExpression (104 bytes)


---------------  P R O C E S S  ---------------

Java Threads: ( => current thread )
  0x000000001e6c0800 JavaThread "Service Thread" daemon [_thread_blocked, id=213624, stack(0x00000000200e0000,0x00000000201e0000)]
  0x000000001e6b9000 JavaThread "C1 CompilerThread3" daemon [_thread_blocked, id=213468, stack(0x000000001ffe0000,0x00000000200e0000)]
  0x000000001e6b6800 JavaThread "C2 CompilerThread2" daemon [_thread_in_native, id=212180, stack(0x000000001fee0000,0x000000001ffe0000)]
=>0x000000001e6b4800 JavaThread "C2 CompilerThread1" daemon [_thread_in_native, id=202896, stack(0x000000001fde0000,0x000000001fee0000)]
  0x000000001e6b0000 JavaThread "C2 CompilerThread0" daemon [_thread_in_native, id=56776, stack(0x000000001fce0000,0x000000001fde0000)]
  0x000000001e6ab800 JavaThread "Monitor Ctrl-Break" daemon [_thread_in_native, id=213872, stack(0x000000001fbe0000,0x000000001fce0000)]
  0x000000001e632000 JavaThread "Attach Listener" daemon [_thread_blocked, id=212500, stack(0x000000001fae0000,0x000000001fbe0000)]
  0x000000001e631000 JavaThread "Signal Dispatcher" daemon [_thread_blocked, id=212904, stack(0x000000001f9e0000,0x000000001fae0000)]
  0x00000000032bc000 JavaThread "Finalizer" daemon [_thread_blocked, id=209692, stack(0x000000001f880000,0x000000001f980000)]
  0x000000001e613000 JavaThread "Reference Handler" daemon [_thread_blocked, id=212284, stack(0x000000001f780000,0x000000001f880000)]
  0x00000000031c2800 JavaThread "main" [_thread_in_vm, id=212708, stack(0x0000000002ef0000,0x0000000002ff0000)]

Other Threads:
  0x000000001cf36000 VMThread [stack: 0x000000001f680000,0x000000001f780000] [id=213492]
  0x000000001e766800 WatcherThread [stack: 0x00000000201e0000,0x00000000202e0000] [id=211776]

VM state:not at safepoint (normal execution)

VM Mutex/Monitor currently owned by a thread: None

Heap:
 PSYoungGen      total 141824K, used 24029K [0x000000076b000000, 0x0000000778b80000, 0x00000007c0000000)
  eden space 131072K, 10% used [0x000000076b000000,0x000000076bcf8508,0x0000000773000000)
  from space 10752K, 99% used [0x0000000773000000,0x0000000773a7f058,0x0000000773a80000)
  to   space 20992K, 0% used [0x0000000777700000,0x0000000777700000,0x0000000778b80000)
 ParOldGen       total 130048K, used 24655K [0x00000006c1000000, 0x00000006c8f00000, 0x000000076b000000)
  object space 130048K, 18% used [0x00000006c1000000,0x00000006c2813f30,0x00000006c8f00000)
 Metaspace       used 24980K, capacity 25644K, committed 25984K, reserved 1073152K
  class space    used 2917K, capacity 3085K, committed 3200K, reserved 1048576K

Card table byte_map: [0x0000000012680000,0x0000000012e80000] byte_map_base: 0x000000000f078000

Marking Bits: (ParMarkBitMap*) 0x0000000066bf3e30
 Begin Bits: [0x0000000013dd0000, 0x0000000017d90000)
 End Bits:   [0x0000000017d90000, 0x000000001bd50000)

Polling page: 0x0000000001320000

CodeCache: size=245760Kb used=15403Kb max_used=15403Kb free=230356Kb
 bounds [0x00000000032c0000, 0x00000000041e0000, 0x00000000122c0000]
 total_blobs=4925 nmethods=4499 adapters=336
 compilation: enabled

Compilation events (10 events):
Event: 3.022 Thread 0x000000001e6b9000 4523       2       com.sun.tools.javac.code.Types$26::visitClassType (92 bytes)
Event: 3.022 Thread 0x000000001e6b9000 nmethod 4523 0x00000000041c02d0 code [0x00000000041c04c0, 0x00000000041c0a58]
Event: 3.022 Thread 0x000000001e6b9000 4526       2       com.sun.tools.javac.util.ByteBuffer::appendByte (34 bytes)
Event: 3.023 Thread 0x000000001e6b9000 nmethod 4526 0x00000000041c0e90 code [0x00000000041c1000, 0x00000000041c1388]
Event: 3.023 Thread 0x000000001e6b9000 4524       2       com.sun.tools.javac.jvm.Pool::put (127 bytes)
Event: 3.023 Thread 0x000000001e6b9000 nmethod 4524 0x00000000041c1590 code [0x00000000041c1740, 0x00000000041c1c68]
Event: 3.023 Thread 0x000000001e6b9000 4525       2       com.sun.tools.javac.jvm.Pool::makePoolValue (94 bytes)
Event: 3.023 Thread 0x000000001e6b9000 nmethod 4525 0x00000000041c1fd0 code [0x00000000041c2180, 0x00000000041c2928]
Event: 3.023 Thread 0x000000001e6b9000 4522       2       com.sun.tools.javac.code.Types$26::visitClassType (10 bytes)
Event: 3.023 Thread 0x000000001e6b9000 nmethod 4522 0x00000000041c2c50 code [0x00000000041c2dc0, 0x00000000041c2fa8]

GC Heap History (10 events):
Event: 1.045 GC heap before
{Heap before GC invocations=2 (full 0):
 PSYoungGen      total 76288K, used 74821K [0x000000076b000000, 0x0000000774500000, 0x00000007c0000000)
  eden space 65536K, 100% used [0x000000076b000000,0x000000076f000000,0x000000076f000000)
  from space 10752K, 86% used [0x000000076f000000,0x000000076f911678,0x000000076fa80000)
  to   space 10752K, 0% used [0x0000000773a80000,0x0000000773a80000,0x0000000774500000)
 ParOldGen       total 175104K, used 16K [0x00000006c1000000, 0x00000006cbb00000, 0x000000076b000000)
  object space 175104K, 0% used [0x00000006c1000000,0x00000006c1004000,0x00000006cbb00000)
 Metaspace       used 15650K, capacity 15994K, committed 16128K, reserved 1062912K
  class space    used 1896K, capacity 2009K, committed 2048K, reserved 1048576K
Event: 1.053 GC heap after
Heap after GC invocations=2 (full 0):
 PSYoungGen      total 141824K, used 10737K [0x000000076b000000, 0x0000000774500000, 0x00000007c0000000)
  eden space 131072K, 0% used [0x000000076b000000,0x000000076b000000,0x0000000773000000)
  from space 10752K, 99% used [0x0000000773a80000,0x00000007744fc550,0x0000000774500000)
  to   space 10752K, 0% used [0x0000000773000000,0x0000000773000000,0x0000000773a80000)
 ParOldGen       total 175104K, used 1286K [0x00000006c1000000, 0x00000006cbb00000, 0x000000076b000000)
  object space 175104K, 0% used [0x00000006c1000000,0x00000006c11419b0,0x00000006cbb00000)
 Metaspace       used 15650K, capacity 15994K, committed 16128K, reserved 1062912K
  class space    used 1896K, capacity 2009K, committed 2048K, reserved 1048576K
}
Event: 1.644 GC heap before
{Heap before GC invocations=3 (full 0):
 PSYoungGen      total 141824K, used 141809K [0x000000076b000000, 0x0000000774500000, 0x00000007c0000000)
  eden space 131072K, 100% used [0x000000076b000000,0x0000000773000000,0x0000000773000000)
  from space 10752K, 99% used [0x0000000773a80000,0x00000007744fc550,0x0000000774500000)
  to   space 10752K, 0% used [0x0000000773000000,0x0000000773000000,0x0000000773a80000)
 ParOldGen       total 175104K, used 1286K [0x00000006c1000000, 0x00000006cbb00000, 0x000000076b000000)
  object space 175104K, 0% used [0x00000006c1000000,0x00000006c11419b0,0x00000006cbb00000)
 Metaspace       used 17431K, capacity 17886K, committed 18048K, reserved 1064960K
  class space    used 2040K, capacity 2162K, committed 2176K, reserved 1048576K
Event: 1.658 GC heap after
Heap after GC invocations=3 (full 0):
 PSYoungGen      total 141824K, used 10744K [0x000000076b000000, 0x0000000774500000, 0x00000007c0000000)
  eden space 131072K, 0% used [0x000000076b000000,0x000000076b000000,0x0000000773000000)
  from space 10752K, 99% used [0x0000000773000000,0x0000000773a7e070,0x0000000773a80000)
  to   space 10752K, 0% used [0x0000000773a80000,0x0000000773a80000,0x0000000774500000)
 ParOldGen       total 175104K, used 9237K [0x00000006c1000000, 0x00000006cbb00000, 0x000000076b000000)
  object space 175104K, 5% used [0x00000006c1000000,0x00000006c1905798,0x00000006cbb00000)
 Metaspace       used 17431K, capacity 17886K, committed 18048K, reserved 1064960K
  class space    used 2040K, capacity 2162K, committed 2176K, reserved 1048576K
}
Event: 1.833 GC heap before
{Heap before GC invocations=4 (full 0):
 PSYoungGen      total 141824K, used 29573K [0x000000076b000000, 0x0000000774500000, 0x00000007c0000000)
  eden space 131072K, 14% used [0x000000076b000000,0x000000076c263628,0x0000000773000000)
  from space 10752K, 99% used [0x0000000773000000,0x0000000773a7e070,0x0000000773a80000)
  to   space 10752K, 0% used [0x0000000773a80000,0x0000000773a80000,0x0000000774500000)
 ParOldGen       total 175104K, used 9237K [0x00000006c1000000, 0x00000006cbb00000, 0x000000076b000000)
  object space 175104K, 5% used [0x00000006c1000000,0x00000006c1905798,0x00000006cbb00000)
 Metaspace       used 20651K, capacity 21140K, committed 21296K, reserved 1069056K
  class space    used 2476K, capacity 2588K, committed 2688K, reserved 1048576K
Event: 1.840 GC heap after
Heap after GC invocations=4 (full 0):
 PSYoungGen      total 141824K, used 10728K [0x000000076b000000, 0x0000000774500000, 0x00000007c0000000)
  eden space 131072K, 0% used [0x000000076b000000,0x000000076b000000,0x0000000773000000)
  from space 10752K, 99% used [0x0000000773a80000,0x00000007744fa070,0x0000000774500000)
  to   space 10752K, 0% used [0x0000000773000000,0x0000000773000000,0x0000000773a80000)
 ParOldGen       total 175104K, used 10590K [0x00000006c1000000, 0x00000006cbb00000, 0x000000076b000000)
  object space 175104K, 6% used [0x00000006c1000000,0x00000006c1a57bd0,0x00000006cbb00000)
 Metaspace       used 20651K, capacity 21140K, committed 21296K, reserved 1069056K
  class space    used 2476K, capacity 2588K, committed 2688K, reserved 1048576K
}
Event: 1.840 GC heap before
{Heap before GC invocations=5 (full 1):
 PSYoungGen      total 141824K, used 10728K [0x000000076b000000, 0x0000000774500000, 0x00000007c0000000)
  eden space 131072K, 0% used [0x000000076b000000,0x000000076b000000,0x0000000773000000)
  from space 10752K, 99% used [0x0000000773a80000,0x00000007744fa070,0x0000000774500000)
  to   space 10752K, 0% used [0x0000000773000000,0x0000000773000000,0x0000000773a80000)
 ParOldGen       total 175104K, used 10590K [0x00000006c1000000, 0x00000006cbb00000, 0x000000076b000000)
  object space 175104K, 6% used [0x00000006c1000000,0x00000006c1a57bd0,0x00000006cbb00000)
 Metaspace       used 20651K, capacity 21140K, committed 21296K, reserved 1069056K
  class space    used 2476K, capacity 2588K, committed 2688K, reserved 1048576K
Event: 1.893 GC heap after
Heap after GC invocations=5 (full 1):
 PSYoungGen      total 141824K, used 0K [0x000000076b000000, 0x0000000774500000, 0x00000007c0000000)
  eden space 131072K, 0% used [0x000000076b000000,0x000000076b000000,0x0000000773000000)
  from space 10752K, 0% used [0x0000000773a80000,0x0000000773a80000,0x0000000774500000)
  to   space 10752K, 0% used [0x0000000773000000,0x0000000773000000,0x0000000773a80000)
 ParOldGen       total 130048K, used 18119K [0x00000006c1000000, 0x00000006c8f00000, 0x000000076b000000)
  object space 130048K, 13% used [0x00000006c1000000,0x00000006c21b1f40,0x00000006c8f00000)
 Metaspace       used 20651K, capacity 21140K, committed 21296K, reserved 1069056K
  class space    used 2476K, capacity 2588K, committed 2688K, reserved 1048576K
}
Event: 2.900 GC heap before
{Heap before GC invocations=6 (full 1):
 PSYoungGen      total 141824K, used 131072K [0x000000076b000000, 0x0000000774500000, 0x00000007c0000000)
  eden space 131072K, 100% used [0x000000076b000000,0x0000000773000000,0x0000000773000000)
  from space 10752K, 0% used [0x0000000773a80000,0x0000000773a80000,0x0000000774500000)
  to   space 10752K, 0% used [0x0000000773000000,0x0000000773000000,0x0000000773a80000)
 ParOldGen       total 130048K, used 18119K [0x00000006c1000000, 0x00000006c8f00000, 0x000000076b000000)
  object space 130048K, 13% used [0x00000006c1000000,0x00000006c21b1f40,0x00000006c8f00000)
 Metaspace       used 24298K, capacity 24908K, committed 25088K, reserved 1071104K
  class space    used 2830K, capacity 2989K, committed 3072K, reserved 1048576K
Event: 2.913 GC heap after
Heap after GC invocations=6 (full 1):
 PSYoungGen      total 141824K, used 10748K [0x000000076b000000, 0x0000000778b80000, 0x00000007c0000000)
  eden space 131072K, 0% used [0x000000076b000000,0x000000076b000000,0x0000000773000000)
  from space 10752K, 99% used [0x0000000773000000,0x0000000773a7f058,0x0000000773a80000)
  to   space 20992K, 0% used [0x0000000777700000,0x0000000777700000,0x0000000778b80000)
 ParOldGen       total 130048K, used 24655K [0x00000006c1000000, 0x00000006c8f00000, 0x000000076b000000)
  object space 130048K, 18% used [0x00000006c1000000,0x00000006c2813f30,0x00000006c8f00000)
 Metaspace       used 24298K, capacity 24908K, committed 25088K, reserved 1071104K
  class space    used 2830K, capacity 2989K, committed 3072K, reserved 1048576K
}

Deoptimization events (10 events):
Event: 2.571 Thread 0x00000000031c2800 Uncommon trap: reason=bimorphic action=maybe_recompile pc=0x00000000038c2db8 method=java.util.regex.Pattern$5.isSatisfiedBy(I)Z @ 5
Event: 2.571 Thread 0x00000000031c2800 Uncommon trap: reason=bimorphic action=maybe_recompile pc=0x00000000038c2db8 method=java.util.regex.Pattern$5.isSatisfiedBy(I)Z @ 5
Event: 2.819 Thread 0x00000000031c2800 Uncommon trap: reason=bimorphic action=maybe_recompile pc=0x0000000004092278 method=lombok.javac.JavacNode.traverse(Llombok/javac/JavacASTVisitor;)V @ 73
Event: 2.819 Thread 0x00000000031c2800 Uncommon trap: reason=bimorphic action=maybe_recompile pc=0x0000000004092294 method=lombok.javac.JavacNode.traverse(Llombok/javac/JavacASTVisitor;)V @ 113
Event: 2.819 Thread 0x00000000031c2800 Uncommon trap: reason=bimorphic action=maybe_recompile pc=0x00000000040922cc method=lombok.javac.JavacNode.traverse(Llombok/javac/JavacASTVisitor;)V @ 193
Event: 2.819 Thread 0x00000000031c2800 Uncommon trap: reason=bimorphic action=maybe_recompile pc=0x00000000040922b0 method=lombok.javac.JavacNode.traverse(Llombok/javac/JavacASTVisitor;)V @ 369
Event: 2.819 Thread 0x00000000031c2800 Uncommon trap: reason=bimorphic action=maybe_recompile pc=0x00000000040922b0 method=lombok.javac.JavacNode.traverse(Llombok/javac/JavacASTVisitor;)V @ 369
Event: 2.836 Thread 0x00000000031c2800 Uncommon trap: reason=unstable_if action=reinterpret pc=0x000000000396b104 method=java.util.HashMap.hash(Ljava/lang/Object;)I @ 1
Event: 2.836 Thread 0x00000000031c2800 Uncommon trap: reason=unstable_if action=reinterpret pc=0x0000000003724b80 method=java.util.HashMap.hash(Ljava/lang/Object;)I @ 1
Event: 3.022 Thread 0x00000000031c2800 Uncommon trap: reason=unstable_if action=reinterpret pc=0x0000000003eea1dc method=com.sun.tools.javac.util.Convert.chars2utf([CI[BII)I @ 35

Classes redefined (0 events):
No events

Internal exceptions (10 events):
Event: 1.076 Thread 0x00000000031c2800 Implicit null exception at 0x00000000039b03c3 to 0x00000000039b060d
Event: 1.190 Thread 0x00000000031c2800 Implicit null exception at 0x0000000003aa7acd to 0x0000000003aa923d
Event: 1.506 Thread 0x00000000031c2800 Implicit null exception at 0x0000000003a24a4f to 0x0000000003a24ea5
Event: 1.721 Thread 0x00000000031c2800 Exception <a 'java/lang/ClassNotFoundException': com/sun/tools/javac/api/JavacTool> (0x000000076b6913f8) thrown at [C:\re\workspace\8-2-build-windows-amd64-cygwin\jdk8u191\11896\hotspot\src\share\vm\classfile\systemDictionary.cpp, line 210]
Event: 2.028 Thread 0x00000000031c2800 Exception <a 'java/io/FileNotFoundException'> (0x000000076c012940) thrown at [C:\re\workspace\8-2-build-windows-amd64-cygwin\jdk8u191\11896\hotspot\src\share\vm\prims\jni.cpp, line 709]
Event: 2.030 Thread 0x00000000031c2800 Exception <a 'java/io/FileNotFoundException'> (0x000000076c047518) thrown at [C:\re\workspace\8-2-build-windows-amd64-cygwin\jdk8u191\11896\hotspot\src\share\vm\prims\jni.cpp, line 709]
Event: 2.516 Thread 0x00000000031c2800 Implicit null exception at 0x0000000003966773 to 0x0000000003966ba1
Event: 2.518 Thread 0x00000000031c2800 Implicit null exception at 0x00000000038fac95 to 0x00000000038fae99
Event: 2.836 Thread 0x00000000031c2800 Implicit null exception at 0x000000000396a573 to 0x000000000396b0e9
Event: 2.836 Thread 0x00000000031c2800 Implicit null exception at 0x00000000037246db to 0x0000000003724b65

Events (10 events):
Event: 3.020 Executing VM operation: Deoptimize done
Event: 3.020 loading class com/sun/tools/javac/jvm/ClassWriter$1
Event: 3.020 loading class com/sun/tools/javac/jvm/ClassWriter$1 done
Event: 3.021 loading class com/sun/tools/javac/code/Attribute$RetentionPolicy
Event: 3.021 loading class com/sun/tools/javac/code/Attribute$RetentionPolicy done
Event: 3.022 loading class com/sun/tools/javac/jvm/ClassFile$NameAndType
Event: 3.022 loading class com/sun/tools/javac/jvm/ClassFile$NameAndType done
Event: 3.022 Thread 0x00000000031c2800 Uncommon trap: trap_request=0xffffff65 fr.pc=0x0000000003eea1dc
Event: 3.022 Thread 0x00000000031c2800 DEOPT PACKING pc=0x0000000003eea1dc sp=0x0000000002fed4d0
Event: 3.022 Thread 0x00000000031c2800 DEOPT UNPACKING pc=0x000000000330583b sp=0x0000000002fed438 mode 2


Dynamic libraries:
0x00007ff6f3c30000 - 0x00007ff6f3c67000 	D:\softwork\bin\java.exe
0x00007ff8a2330000 - 0x00007ff8a251d000 	C:\Windows\SYSTEM32\ntdll.dll
0x00007ff89fa60000 - 0x00007ff89fb13000 	C:\Windows\System32\KERNEL32.DLL
0x00007ff89e490000 - 0x00007ff89e723000 	C:\Windows\System32\KERNELBASE.dll
0x00007ff8a1660000 - 0x00007ff8a1703000 	C:\Windows\System32\ADVAPI32.dll
0x00007ff8a0010000 - 0x00007ff8a00ae000 	C:\Windows\System32\msvcrt.dll
0x00007ff8a15c0000 - 0x00007ff8a165e000 	C:\Windows\System32\sechost.dll
0x00007ff89f690000 - 0x00007ff89f7b2000 	C:\Windows\System32\RPCRT4.dll
0x00007ff8a1a60000 - 0x00007ff8a1bf7000 	C:\Windows\System32\USER32.dll
0x00007ff89f480000 - 0x00007ff89f4a0000 	C:\Windows\System32\win32u.dll
0x00007ff8a1c60000 - 0x00007ff8a1c89000 	C:\Windows\System32\GDI32.dll
0x00007ff89e8e0000 - 0x00007ff89ea79000 	C:\Windows\System32\gdi32full.dll
0x00007ff89e3f0000 - 0x00007ff89e490000 	C:\Windows\System32\msvcp_win.dll
0x00007ff89e730000 - 0x00007ff89e82a000 	C:\Windows\System32\ucrtbase.dll
0x00007ff88f8c0000 - 0x00007ff88fb39000 	C:\Windows\WinSxS\amd64_microsoft.windows.common-controls_6595b64144ccf1df_6.0.17763.973_none_05b245900721eb81\COMCTL32.dll
0x00007ff89fbf0000 - 0x00007ff89ff1c000 	C:\Windows\System32\combase.dll
0x00007ff89e830000 - 0x00007ff89e8ae000 	C:\Windows\System32\bcryptPrimitives.dll
0x00007ff8a1e50000 - 0x00007ff8a1e7e000 	C:\Windows\System32\IMM32.DLL
0x0000000066c80000 - 0x0000000066d52000 	D:\softwork\jre\bin\msvcr100.dll
0x00000000663d0000 - 0x0000000066c74000 	D:\softwork\jre\bin\server\jvm.dll
0x00007ff89fa50000 - 0x00007ff89fa58000 	C:\Windows\System32\PSAPI.DLL
0x00007ff89c5f0000 - 0x00007ff89c5f9000 	C:\Windows\SYSTEM32\WSOCK32.dll
0x00007ff89c430000 - 0x00007ff89c454000 	C:\Windows\SYSTEM32\WINMM.dll
0x00007ff899be0000 - 0x00007ff899bea000 	C:\Windows\SYSTEM32\VERSION.dll
0x00007ff89ffa0000 - 0x00007ff8a000d000 	C:\Windows\System32\WS2_32.dll
0x00007ff89c400000 - 0x00007ff89c42d000 	C:\Windows\SYSTEM32\winmmbase.dll
0x00007ff89f4a0000 - 0x00007ff89f4ea000 	C:\Windows\System32\cfgmgr32.dll
0x0000000067bf0000 - 0x0000000067bff000 	D:\softwork\jre\bin\verify.dll
0x0000000067bc0000 - 0x0000000067be9000 	D:\softwork\jre\bin\java.dll
0x0000000067b70000 - 0x0000000067b93000 	D:\softwork\jre\bin\instrument.dll
0x0000000067ba0000 - 0x0000000067bb6000 	D:\softwork\jre\bin\zip.dll
0x00007ff8a00c0000 - 0x00007ff8a15b4000 	C:\Windows\System32\SHELL32.dll
0x00007ff89f9a0000 - 0x00007ff89fa48000 	C:\Windows\System32\shcore.dll
0x00007ff89eb30000 - 0x00007ff89f27d000 	C:\Windows\System32\windows.storage.dll
0x00007ff89e3c0000 - 0x00007ff89e3e4000 	C:\Windows\System32\profapi.dll
0x00007ff89e320000 - 0x00007ff89e37d000 	C:\Windows\System32\powrprof.dll
0x00007ff8a1c00000 - 0x00007ff8a1c52000 	C:\Windows\System32\shlwapi.dll
0x00007ff89e380000 - 0x00007ff89e391000 	C:\Windows\System32\kernel.appcore.dll
0x00007ff89f280000 - 0x00007ff89f297000 	C:\Windows\System32\cryptsp.dll
0x00007ff8908d0000 - 0x00007ff8908ea000 	D:\zyfapp\IntelliJ IDEA 2019.1.3\bin\breakgen64.dll
0x0000000066370000 - 0x000000006638a000 	D:\softwork\jre\bin\net.dll
0x00007ff89db00000 - 0x00007ff89db67000 	C:\Windows\system32\mswsock.dll
0x00007ff89d680000 - 0x00007ff89d6b3000 	C:\Windows\system32\rsaenh.dll
0x00007ff89e8b0000 - 0x00007ff89e8d6000 	C:\Windows\System32\bcrypt.dll
0x00007ff89e220000 - 0x00007ff89e248000 	C:\Windows\SYSTEM32\USERENV.dll
0x00007ff89dcd0000 - 0x00007ff89dcdc000 	C:\Windows\SYSTEM32\CRYPTBASE.dll
0x00007ff89d820000 - 0x00007ff89d85d000 	C:\Windows\SYSTEM32\IPHLPAPI.DLL
0x00007ff8a1a50000 - 0x00007ff8a1a58000 	C:\Windows\System32\NSI.dll
0x00007ff8991a0000 - 0x00007ff8991b6000 	C:\Windows\SYSTEM32\dhcpcsvc6.DLL
0x00007ff898e00000 - 0x00007ff898e1c000 	C:\Windows\SYSTEM32\dhcpcsvc.DLL
0x00007ff89d860000 - 0x00007ff89d926000 	C:\Windows\SYSTEM32\DNSAPI.dll
0x0000000066350000 - 0x0000000066361000 	D:\softwork\jre\bin\nio.dll
0x00007ff8915e0000 - 0x00007ff8915ea000 	C:\Users\mayn\AppData\Local\Temp\jansi-1.17.1-7337178453517320000.dll
0x00007ff88f5a0000 - 0x00007ff88f5aa000 	C:\Users\mayn\AppData\Local\Temp\jansi-1.17.1-4641426356564240297.dll

VM Arguments:
jvm_args: -Dmaven.multiModuleProjectDirectory=D:\zyfapp\idea_project\check -Dmaven.home=D:\zyfapp\maven -Dclassworlds.conf=D:\zyfapp\maven\bin\m2.conf -javaagent:D:\zyfapp\IntelliJ IDEA 2019.1.3\lib\idea_rt.jar=1215:D:\zyfapp\IntelliJ IDEA 2019.1.3\bin -Dfile.encoding=UTF-8 
java_command: org.codehaus.classworlds.Launcher -Didea.version2019.1.3 -s D:\zyfapp\maven\conf\settings.xml install
java_class_path (initial): D:\zyfapp\maven\boot\plexus-classworlds-2.6.0.jar;D:\zyfapp\IntelliJ IDEA 2019.1.3\lib\idea_rt.jar
Launcher Type: SUN_STANDARD

Environment Variables:
PATH=C:\ProgramData\DockerDesktop\version-bin;C:\Program Files\Docker\Docker\Resources\bin;C:\Program Files (x86)\Common Files\Oracle\Java\javapath;C:\Windows\system32;C:\Windows;C:\Windows\System32\Wbem;C:\Windows\System32\WindowsPowerShell\v1.0\;C:\Windows\System32\OpenSSH\;C:\Program Files (x86)\Common Files\microsoft shared\TigerKin;C:\Program Files\Common Files\Autodesk Shared\;C:\Program Files (x86)\Autodesk\Backburner\;C:\Program Files (x86)\QuickTime\QTSystem\;D:\softwork\bin;"D:\zyfapp\Tomcat\lib;D:\zyfapp\Tomcat\bin";D:\zyfapp\maven\bin;%MYCAT_HOME%\bin;D:\Program Files\TortoiseSVN\bin;C:\Program Files (x86)\MySQL\MySQL Fabric 1.5 & MySQL Utilities 1.5\;C:\Program Files (x86)\MySQL\MySQL Fabric 1.5 & MySQL Utilities 1.5\Doctrine extensions for PHP\;C:\Program Files\MySQL\MySQL Server 5.6\bin;D:\Program Files\Git\cmd;D:\Program Files\TortoiseGit\bin;C:\Users\mayn\AppData\Local\Microsoft\WindowsApps;C:\Users\mayn\AppData\Local\BypassRuntm
USERNAME=mayn
OS=Windows_NT
PROCESSOR_IDENTIFIER=Intel64 Family 6 Model 158 Stepping 10, GenuineIntel



---------------  S Y S T E M  ---------------

OS: Windows 10.0 , 64 bit Build 17763 (10.0.17763.475)

CPU:total 12 (initial active 12) (6 cores per cpu, 2 threads per core) family 6 model 158 stepping 10, cmov, cx8, fxsr, mmx, sse, sse2, sse3, ssse3, sse4.1, sse4.2, popcnt, avx, avx2, aes, clmul, erms, rtm, 3dnowpref, lzcnt, ht, tsc, tscinvbit, bmi1, bmi2, adx

Memory: 4k page, physical 16710580k(4550012k free), swap 29817776k(11252k free)

vm_info: Java HotSpot(TM) 64-Bit Server VM (25.191-b12) for windows-amd64 JRE (1.8.0_191-b12), built on Oct  6 2018 09:29:03 by "java_re" with MS VC++ 10.0 (VS2010)

time: Mon Mar 02 11:47:01 2020
elapsed time: 3 seconds (0d 0h 0m 3s)

